<?xml version="1.0" encoding="UTF-8"?>
<!-- Generated by org.testng.reporters.JUnitXMLReporter -->
<testsuite ignored="0" hostname="LAPTOP-4941790M" failures="0" tests="3" name="Test" time="15.224" errors="0" timestamp="2024-03-05T10:30:30 IST">
  <testcase classname="testcases.Tc_001_AccountRegistration" name="test_account_registration" time="2.035"/>
  <testcase classname="testcases.Tc_002_logintest" name="logintest" time="1.373"/>
  <testcase classname="testcases.Tc_003_loginDDT" name="test_loginddt" time="0.0">
    <skipped/>
  </testcase> <!-- test_loginddt -->
</testsuite> <!-- Test -->
