<?xml version="1.0" encoding="UTF-8"?>
<!-- Generated by org.testng.reporters.JUnitXMLReporter -->
<testsuite ignored="0" hostname="LAPTOP-4941790M" failures="1" tests="1" name="Test1" time="4.509" errors="0" timestamp="2024-03-04T09:50:54 IST">
  <testcase classname="testcases.Tc_003_loginDDT" name="test_loginddt" time="0.778">
    <failure type="org.testng.internal.reflect.MethodMatcherException" message="
[public void testcases.Tc_003_loginDDT.test_loginddt(java.lang.String,java.lang.String,java.lang.String)] has no parameters defined but was found to be using a data provider (either explicitly specified or inherited from class level annotation).
Data provider mismatch
Method: test_loginddt([Parameter{index=0, type=java.lang.String, declaredAnnotations=[]}, Parameter{index=1, type=java.lang.String, declaredAnnotations=[]}, Parameter{index=2, type=java.lang.String, declaredAnnotations=[]}])
Arguments: [(java.lang.String) akhilsadineni99@gmail.com,(java.lang.String) akhil@123S,(java.lang.String) Valid,(java.lang.String) akhilsadineni99@gmail.com,(java.lang.String) akhil@123S,(java.lang.String) ,(java.lang.String) ,(java.lang.String) ,(java.lang.String) ,(java.lang.String) ,(java.lang.String) ,(java.lang.String) ,(java.lang.String) ,(java.lang.String) ,(java.lang.String) ]">
      <![CDATA[org.testng.internal.reflect.MethodMatcherException: 
[public void testcases.Tc_003_loginDDT.test_loginddt(java.lang.String,java.lang.String,java.lang.String)] has no parameters defined but was found to be using a data provider (either explicitly specified or inherited from class level annotation).
Data provider mismatch
Method: test_loginddt([Parameter{index=0, type=java.lang.String, declaredAnnotations=[]}, Parameter{index=1, type=java.lang.String, declaredAnnotations=[]}, Parameter{index=2, type=java.lang.String, declaredAnnotations=[]}])
Arguments: [(java.lang.String) akhilsadineni99@gmail.com,(java.lang.String) akhil@123S,(java.lang.String) Valid,(java.lang.String) akhilsadineni99@gmail.com,(java.lang.String) akhil@123S,(java.lang.String) ,(java.lang.String) ,(java.lang.String) ,(java.lang.String) ,(java.lang.String) ,(java.lang.String) ,(java.lang.String) ,(java.lang.String) ,(java.lang.String) ,(java.lang.String) ]
at java.base/java.util.ArrayList.forEach(ArrayList.java:1511)
... Removed 22 stack frames]]>
    </failure>
  </testcase> <!-- test_loginddt -->
</testsuite> <!-- Test1 -->
