<?xml version="1.0" encoding="UTF-8"?>
<!-- Generated by org.testng.reporters.JUnitXMLReporter -->
<testsuite ignored="0" hostname="LAPTOP-4941790M" failures="0" tests="7" name="Test" time="34.285" errors="0" timestamp="2024-03-05T10:47:41 IST">
  <testcase classname="testcases.Tc_001_AccountRegistration" name="test_account_registration" time="2.017"/>
  <testcase classname="testcases.Tc_002_logintest" name="logintest" time="1.326"/>
  <testcase classname="testcases.Tc_003_loginDDT" name="test_loginddt" time="1.921"/>
  <testcase classname="testcases.Tc_003_loginDDT" name="test_loginddt" time="1.242"/>
  <testcase classname="testcases.Tc_003_loginDDT" name="test_loginddt" time="1.263"/>
  <testcase classname="testcases.Tc_003_loginDDT" name="test_loginddt" time="10.815"/>
  <testcase classname="testcases.Tc_003_loginDDT" name="test_loginddt" time="1.291"/>
</testsuite> <!-- Test -->
