<?xml version="1.0" encoding="UTF-8"?>
<!-- Generated by org.testng.reporters.JUnitXMLReporter -->
<testsuite ignored="0" hostname="LAPTOP-4941790M" failures="2" tests="5" name="Test(failed)" time="25.599" errors="0" timestamp="2024-03-05T10:33:23 IST">
  <testcase classname="testcases.Tc_003_loginDDT" name="test_loginddt" time="4.377"/>
  <testcase classname="testcases.Tc_003_loginDDT" name="test_loginddt" time="1.338">
    <failure type="java.lang.AssertionError" message="expected [true] but found [false]">
      <![CDATA[java.lang.AssertionError: expected [true] but found [false]
at testcases.Tc_003_loginDDT.test_loginddt(Tc_003_loginDDT.java:54)
at java.base/java.util.ArrayList.forEach(ArrayList.java:1511)
... Removed 31 stack frames]]>
    </failure>
  </testcase> <!-- test_loginddt -->
  <testcase classname="testcases.Tc_003_loginDDT" name="test_loginddt" time="1.318">
    <failure type="java.lang.AssertionError" message="expected [true] but found [false]">
      <![CDATA[java.lang.AssertionError: expected [true] but found [false]
at testcases.Tc_003_loginDDT.test_loginddt(Tc_003_loginDDT.java:54)
at java.base/java.util.ArrayList.forEach(ArrayList.java:1511)
... Removed 31 stack frames]]>
    </failure>
  </testcase> <!-- test_loginddt -->
  <testcase classname="testcases.Tc_003_loginDDT" name="test_loginddt" time="10.893"/>
  <testcase classname="testcases.Tc_003_loginDDT" name="test_loginddt" time="1.287"/>
</testsuite> <!-- Test(failed) -->
