<?xml version="1.0" encoding="UTF-8"?>
<testng-results ignored="0" total="7" passed="7" failed="0" skipped="0">
  <reporter-output>
  </reporter-output>
  <suite started-at="2024-03-05T10:47:06 IST" name="Suite" finished-at="2024-03-05T10:47:40 IST" duration-ms="34285">
    <groups>
    </groups>
    <test started-at="2024-03-05T10:47:06 IST" name="Test" finished-at="2024-03-05T10:47:40 IST" duration-ms="34285">
      <class name="testcases.Tc_001_AccountRegistration">
        <test-method is-config="true" signature="setup(java.lang.String)[pri:0, instance:testcases.Tc_001_AccountRegistration@192d43ce]" started-at="2024-03-05T10:47:06 IST" name="setup" finished-at="2024-03-05T10:47:09 IST" duration-ms="3205" status="PASS">
          <params>
            <param index="0">
              <value>
                <![CDATA[edge]]>
              </value>
            </param>
          </params>
          <reporter-output>
          </reporter-output>
        </test-method> <!-- setup -->
        <test-method signature="test_account_registration()[pri:0, instance:testcases.Tc_001_AccountRegistration@192d43ce]" started-at="2024-03-05T10:47:09 IST" name="test_account_registration" finished-at="2024-03-05T10:47:11 IST" duration-ms="2017" status="PASS">
          <reporter-output>
          </reporter-output>
        </test-method> <!-- test_account_registration -->
        <test-method is-config="true" signature="teardown()[pri:0, instance:testcases.Tc_001_AccountRegistration@192d43ce]" started-at="2024-03-05T10:47:11 IST" name="teardown" finished-at="2024-03-05T10:47:13 IST" duration-ms="1300" status="PASS">
          <reporter-output>
          </reporter-output>
        </test-method> <!-- teardown -->
      </class> <!-- testcases.Tc_001_AccountRegistration -->
      <class name="testcases.Tc_003_loginDDT">
        <test-method is-config="true" signature="setup(java.lang.String)[pri:0, instance:testcases.Tc_003_loginDDT@6e171cd7]" started-at="2024-03-05T10:47:17 IST" name="setup" finished-at="2024-03-05T10:47:20 IST" duration-ms="2106" status="PASS">
          <params>
            <param index="0">
              <value>
                <![CDATA[edge]]>
              </value>
            </param>
          </params>
          <reporter-output>
          </reporter-output>
        </test-method> <!-- setup -->
        <test-method signature="test_loginddt(java.lang.String,java.lang.String,java.lang.String)[pri:0, instance:testcases.Tc_003_loginDDT@6e171cd7]" started-at="2024-03-05T10:47:22 IST" name="test_loginddt" data-provider="LoginData" finished-at="2024-03-05T10:47:24 IST" duration-ms="1921" status="PASS">
          <params>
            <param index="0">
              <value>
                <![CDATA[akhilsadineni99@gmail.com]]>
              </value>
            </param>
            <param index="1">
              <value>
                <![CDATA[akhil@123S]]>
              </value>
            </param>
            <param index="2">
              <value>
                <![CDATA[Valid]]>
              </value>
            </param>
          </params>
          <reporter-output>
          </reporter-output>
        </test-method> <!-- test_loginddt -->
        <test-method signature="test_loginddt(java.lang.String,java.lang.String,java.lang.String)[pri:0, instance:testcases.Tc_003_loginDDT@6e171cd7]" started-at="2024-03-05T10:47:24 IST" name="test_loginddt" data-provider="LoginData" finished-at="2024-03-05T10:47:26 IST" duration-ms="1242" status="PASS">
          <params>
            <param index="0">
              <value>
                <![CDATA[lakshmi@yahoo.com]]>
              </value>
            </param>
            <param index="1">
              <value>
                <![CDATA[Laxmi]]>
              </value>
            </param>
            <param index="2">
              <value>
                <![CDATA[Valid]]>
              </value>
            </param>
          </params>
          <reporter-output>
          </reporter-output>
        </test-method> <!-- test_loginddt -->
        <test-method signature="test_loginddt(java.lang.String,java.lang.String,java.lang.String)[pri:0, instance:testcases.Tc_003_loginDDT@6e171cd7]" started-at="2024-03-05T10:47:26 IST" name="test_loginddt" data-provider="LoginData" finished-at="2024-03-05T10:47:27 IST" duration-ms="1263" status="PASS">
          <params>
            <param index="0">
              <value>
                <![CDATA[laksh@yahoo.com]]>
              </value>
            </param>
            <param index="1">
              <value>
                <![CDATA[Lakshmi]]>
              </value>
            </param>
            <param index="2">
              <value>
                <![CDATA[Valid]]>
              </value>
            </param>
          </params>
          <reporter-output>
          </reporter-output>
        </test-method> <!-- test_loginddt -->
        <test-method signature="test_loginddt(java.lang.String,java.lang.String,java.lang.String)[pri:0, instance:testcases.Tc_003_loginDDT@6e171cd7]" started-at="2024-03-05T10:47:27 IST" name="test_loginddt" data-provider="LoginData" finished-at="2024-03-05T10:47:38 IST" duration-ms="10815" status="PASS">
          <params>
            <param index="0">
              <value>
                <![CDATA[laks@yahoo.com]]>
              </value>
            </param>
            <param index="1">
              <value>
                <![CDATA[xyz]]>
              </value>
            </param>
            <param index="2">
              <value>
                <![CDATA[Invalid]]>
              </value>
            </param>
          </params>
          <reporter-output>
          </reporter-output>
        </test-method> <!-- test_loginddt -->
        <test-method signature="test_loginddt(java.lang.String,java.lang.String,java.lang.String)[pri:0, instance:testcases.Tc_003_loginDDT@6e171cd7]" started-at="2024-03-05T10:47:38 IST" name="test_loginddt" data-provider="LoginData" finished-at="2024-03-05T10:47:39 IST" duration-ms="1291" status="PASS">
          <params>
            <param index="0">
              <value>
                <![CDATA[abc123@gmail.com]]>
              </value>
            </param>
            <param index="1">
              <value>
                <![CDATA[test@123]]>
              </value>
            </param>
            <param index="2">
              <value>
                <![CDATA[Valid]]>
              </value>
            </param>
          </params>
          <reporter-output>
          </reporter-output>
        </test-method> <!-- test_loginddt -->
        <test-method is-config="true" signature="teardown()[pri:0, instance:testcases.Tc_003_loginDDT@6e171cd7]" started-at="2024-03-05T10:47:39 IST" name="teardown" finished-at="2024-03-05T10:47:40 IST" duration-ms="1318" status="PASS">
          <reporter-output>
          </reporter-output>
        </test-method> <!-- teardown -->
      </class> <!-- testcases.Tc_003_loginDDT -->
      <class name="testcases.Tc_002_logintest">
        <test-method is-config="true" signature="setup(java.lang.String)[pri:0, instance:testcases.Tc_002_logintest@498d318c]" started-at="2024-03-05T10:47:13 IST" name="setup" finished-at="2024-03-05T10:47:15 IST" duration-ms="2103" status="PASS">
          <params>
            <param index="0">
              <value>
                <![CDATA[edge]]>
              </value>
            </param>
          </params>
          <reporter-output>
          </reporter-output>
        </test-method> <!-- setup -->
        <test-method signature="logintest()[pri:0, instance:testcases.Tc_002_logintest@498d318c]" started-at="2024-03-05T10:47:15 IST" name="logintest" finished-at="2024-03-05T10:47:16 IST" duration-ms="1326" status="PASS">
          <reporter-output>
          </reporter-output>
        </test-method> <!-- logintest -->
        <test-method is-config="true" signature="teardown()[pri:0, instance:testcases.Tc_002_logintest@498d318c]" started-at="2024-03-05T10:47:16 IST" name="teardown" finished-at="2024-03-05T10:47:17 IST" duration-ms="1281" status="PASS">
          <reporter-output>
          </reporter-output>
        </test-method> <!-- teardown -->
      </class> <!-- testcases.Tc_002_logintest -->
    </test> <!-- Test -->
  </suite> <!-- Suite -->
</testng-results>
