<?xml version="1.0" encoding="UTF-8"?>
<testng-results ignored="0" total="2" passed="2" failed="0" skipped="0">
  <reporter-output>
  </reporter-output>
  <suite started-at="2024-03-05T10:34:40 IST" name="Failed suite [Failed suite [Suite]]" finished-at="2024-03-05T10:34:48 IST" duration-ms="8673">
    <groups>
    </groups>
    <test started-at="2024-03-05T10:34:40 IST" name="Test(failed)(failed)" finished-at="2024-03-05T10:34:48 IST" duration-ms="8673">
      <class name="testcases.Tc_003_loginDDT">
        <test-method is-config="true" signature="setup(java.lang.String)[pri:0, instance:testcases.Tc_003_loginDDT@4659191b]" started-at="2024-03-05T10:34:40 IST" name="setup" finished-at="2024-03-05T10:34:43 IST" duration-ms="2842" status="PASS">
          <params>
            <param index="0">
              <value>
                <![CDATA[edge]]>
              </value>
            </param>
          </params>
          <reporter-output>
          </reporter-output>
        </test-method> <!-- setup -->
        <test-method signature="test_loginddt(java.lang.String,java.lang.String,java.lang.String)[pri:0, instance:testcases.Tc_003_loginDDT@4659191b]" started-at="2024-03-05T10:34:44 IST" name="test_loginddt" data-provider="LoginData" finished-at="2024-03-05T10:34:46 IST" duration-ms="1878" status="PASS">
          <params>
            <param index="0">
              <value>
                <![CDATA[lakshmi@yahoo.com]]>
              </value>
            </param>
            <param index="1">
              <value>
                <![CDATA[Laxmi]]>
              </value>
            </param>
            <param index="2">
              <value>
                <![CDATA[Valid]]>
              </value>
            </param>
          </params>
          <reporter-output>
          </reporter-output>
        </test-method> <!-- test_loginddt -->
        <test-method signature="test_loginddt(java.lang.String,java.lang.String,java.lang.String)[pri:0, instance:testcases.Tc_003_loginDDT@4659191b]" started-at="2024-03-05T10:34:46 IST" name="test_loginddt" data-provider="LoginData" finished-at="2024-03-05T10:34:47 IST" duration-ms="1179" status="PASS">
          <params>
            <param index="0">
              <value>
                <![CDATA[laksh@yahoo.com]]>
              </value>
            </param>
            <param index="1">
              <value>
                <![CDATA[Lakshmi]]>
              </value>
            </param>
            <param index="2">
              <value>
                <![CDATA[Valid]]>
              </value>
            </param>
          </params>
          <reporter-output>
          </reporter-output>
        </test-method> <!-- test_loginddt -->
        <test-method is-config="true" signature="teardown()[pri:0, instance:testcases.Tc_003_loginDDT@4659191b]" started-at="2024-03-05T10:34:47 IST" name="teardown" finished-at="2024-03-05T10:34:48 IST" duration-ms="1360" status="PASS">
          <reporter-output>
          </reporter-output>
        </test-method> <!-- teardown -->
      </class> <!-- testcases.Tc_003_loginDDT -->
    </test> <!-- Test(failed)(failed) -->
  </suite> <!-- Failed suite [Failed suite [Suite]] -->
</testng-results>
